[publishing_reproduction]
Cloning into 'repo'...

Switched to a new branch 'cold-case/32696237-jpa-with-hibernate-5-programmatically-create-entitymanagerfactory/2026-05-26T09-47-50-843Z'

[cold-case/32696237-jpa-with-hibernate-5-programmatically-create-entitymanagerfactory/2026-05-26T09-47-50-843Z b5529b0] Add cold case run 32696237-jpa-with-hibernate-5-programmatically-create-entitymanagerfactory 2026-05-26T09-47-50-843Z
 32 files changed, 1668 insertions(+)
 create mode 100644 cases/workspaces/32696237-jpa-with-hibernate-5-programmatically-create-entitymanagerfactory/2026-05-26T09-47-50-843Z/.kiro/agents/case-debriefer.json
 create mode 100644 cases/workspaces/32696237-jpa-with-hibernate-5-programmatically-create-entitymanagerfactory/2026-05-26T09-47-50-843Z/.kiro/agents/case-investigator.json
 create mode 100644 cases/workspaces/32696237-jpa-with-hibernate-5-programmatically-create-entitymanagerfactory/2026-05-26T09-47-50-843Z/.kiro/agents/case-reconstructor.json
 create mode 100644 cases/workspaces/32696237-jpa-with-hibernate-5-programmatically-create-entitymanagerfactory/2026-05-26T09-47-50-843Z/.kiro/agents/case-repairer.json
 create mode 100644 cases/workspaces/32696237-jpa-with-hibernate-5-programmatically-create-entitymanagerfactory/2026-05-26T09-47-50-843Z/.kiro/steering/evidence-discipline.md
 create mode 100644 cases/workspaces/32696237-jpa-with-hibernate-5-programmatically-create-entitymanagerfactory/2026-05-26T09-47-50-843Z/.kiro/steering/lark-first.md
 create mode 100644 cases/workspaces/32696237-jpa-with-hibernate-5-programmatically-create-entitymanagerfactory/2026-05-26T09-47-50-843Z/.kiro/steering/narrative-boundaries.md
 create mode 100644 cases/workspaces/32696237-jpa-with-hibernate-5-programmatically-create-entitymanagerfactory/2026-05-26T09-47-50-843Z/.kiro/steering/product.md
 create mode 100644 cases/workspaces/32696237-jpa-with-hibernate-5-programmatically-create-entitymanagerfactory/2026-05-26T09-47-50-843Z/.kiro/steering/read-only-debrief.md
 create mode 100644 cases/workspaces/32696237-jpa-with-hibernate-5-programmatically-create-entitymanagerfactory/2026-05-26T09-47-50-843Z/.kiro/steering/structure.md
 create mode 100644 cases/workspaces/32696237-jpa-with-hibernate-5-programmatically-create-entitymanagerfactory/2026-05-26T09-47-50-843Z/.kiro/steering/tech.md
 create mode 100644 cases/workspaces/32696237-jpa-with-hibernate-5-programmatically-create-entitymanagerfactory/2026-05-26T09-47-50-843Z/README.md
 create mode 100644 cases/workspaces/32696237-jpa-with-hibernate-5-programmatically-create-entitymanagerfactory/2026-05-26T09-47-50-843Z/case-state.json
 create mode 100644 cases/workspaces/32696237-jpa-with-hibernate-5-programmatically-create-entitymanagerfactory/2026-05-26T09-47-50-843Z/case.json
 create mode 100644 cases/workspaces/32696237-jpa-with-hibernate-5-programmatically-create-entitymanagerfactory/2026-05-26T09-47-50-843Z/lark/README.md
 create mode 100644 cases/workspaces/32696237-jpa-with-hibernate-5-programmatically-create-entitymanagerfactory/2026-05-26T09-47-50-843Z/lark/reproduction-workflow.json
 create mode 100644 cases/workspaces/32696237-jpa-with-hibernate-5-programmatically-create-entitymanagerfactory/2026-05-26T09-47-50-843Z/lark/test-coverage-summary.md
 create mode 100644 cases/workspaces/32696237-jpa-with-hibernate-5-programmatically-create-entitymanagerfactory/2026-05-26T09-47-50-843Z/lark/verification-workflow.json
 create mode 100644 cases/workspaces/32696237-jpa-with-hibernate-5-programmatically-create-entitymanagerfactory/2026-05-26T09-47-50-843Z/logs/kiro-reconstruction.log
 create mode 100644 cases/workspaces/32696237-jpa-with-hibernate-5-programmatically-create-entitymanagerfactory/2026-05-26T09-47-50-843Z/logs/pipeline-live.log
 create mode 100644 cases/workspaces/32696237-jpa-with-hibernate-5-programmatically-create-entitymanagerfactory/2026-05-26T09-47-50-843Z/original/original-question.md
 create mode 100644 cases/workspaces/32696237-jpa-with-hibernate-5-programmatically-create-entitymanagerfactory/2026-05-26T09-47-50-843Z/original/source-fetch-note.md
 create mode 100644 cases/workspaces/32696237-jpa-with-hibernate-5-programmatically-create-entitymanagerfactory/2026-05-26T09-47-50-843Z/prompts/kiro-debrief.md
 create mode 100644 cases/workspaces/32696237-jpa-with-hibernate-5-programmatically-create-entitymanagerfactory/2026-05-26T09-47-50-843Z/prompts/kiro-handoff.md
 create mode 100644 cases/workspaces/32696237-jpa-with-hibernate-5-programmatically-create-entitymanagerfactory/2026-05-26T09-47-50-843Z/prompts/kiro-reconstruction.md
 create mode 100644 cases/workspaces/32696237-jpa-with-hibernate-5-programmatically-create-entitymanagerfactory/2026-05-26T09-47-50-843Z/prompts/kiro-repair-from-lark.md
 create mode 100644 cases/workspaces/32696237-jpa-with-hibernate-5-programmatically-create-entitymanagerfactory/2026-05-26T09-47-50-843Z/reports/reconstruction-report.md
 create mode 100644 cases/workspaces/32696237-jpa-with-hibernate-5-programmatically-create-entitymanagerfactory/2026-05-26T09-47-50-843Z/repro/pom.xml
 create mode 100644 cases/workspaces/32696237-jpa-with-hibernate-5-programmatically-create-entitymanagerfactory/2026-05-26T09-47-50-843Z/repro/src/main/java/com/example/Item.java
 create mode 100644 cases/workspaces/32696237-jpa-with-hibernate-5-programmatically-create-entitymanagerfactory/2026-05-26T09-47-50-843Z/repro/src/main/java/com/example/ReproMain.java
 create mode 100755 cases/workspaces/32696237-jpa-with-hibernate-5-programmatically-create-entitymanagerfactory/2026-05-26T09-47-50-843Z/tests/lark/green/replay-verification.sh
 create mode 100755 cases/workspaces/32696237-jpa-with-hibernate-5-programmatically-create-entitymanagerfactory/2026-05-26T09-47-50-843Z/tests/lark/red/replay-reproduction.sh
remote: 
remote: Create a pull request for 'cold-case/32696237-jpa-with-hibernate-5-programmatically-create-entitymanagerfactory/2026-05-26T09-47-50-843Z' on GitHub by visiting:        
remote:      https://github.com/egocks/coding-cold-cases-cracker/pull/new/cold-case/32696237-jpa-with-hibernate-5-programmatically-create-entitymanagerfactory/2026-05-26T09-47-50-843Z        
remote: 
To https://github.com/egocks/coding-cold-cases-cracker.git
 * [new branch]      cold-case/32696237-jpa-with-hibernate-5-programmatically-create-entitymanagerfactory/2026-05-26T09-47-50-843Z -> cold-case/32696237-jpa-with-hibernate-5-programmatically-create-entitymanagerfactory/2026-05-26T09-47-50-843Z

