{
  "id": "wfl_grp_mBtbWoMSLzGnu7kcb3KD9pKO",
  "name": "Coding Cold Cases - Hackathon - 15276976-maven-generate-sources-cannot-resolve-a-dependency - 2026-05-26T05-49-24-686Z",
  "workflow_count": 0,
  "created_at": "2026-05-26T06:38:58.586143+00:00",
  "updated_at": "2026-05-26T06:38:58.586143+00:00"
}

{
  "id": "wflw_xNYga5qXMoLcbq7NQppvAHrL",
  "name": "Coding Cold Cases - Hackathon - Maven generate-sources cannot resolve a dependency - Reproduction Evidence",
  "status": "active",
  "display_status": "never_run",
  "description": "You are Lark acting as the forensic lab for Coding Cold Cases Cracker.\nRemote workspace: PUBLISH_URL_PENDING\nOriginal case: https://stackoverflow.com/questions/15276976/maven-generate-sources-cannot-resolve-a-dependency\nReproduction command: cd repro && mvn generate-sources\nInspect the workspace and run or evaluate the reproduction path.\nConfirm whether the observed failure matches the Stack Overflow cold case or a responsible minimal model of it.\nReturn the exact evidence that Kiro should use for repair.",
  "secret_contexts": null,
  "mode": "ai_driven",
  "deterministic_details": null,
  "last_execution_id": null,
  "last_execution_started_at": null,
  "last_execution_stopped_at": null,
  "last_execution_result_type": null,
  "last_generation_id": null,
  "last_generation_started_at": null,
  "last_generation_stopped_at": null,
  "last_generation_result_type": null,
  "last_repair_id": null,
  "last_repair_started_at": null,
  "last_repair_stopped_at": null,
  "last_repair_result_type": null,
  "last_summarization_id": null,
  "last_summarization_started_at": null,
  "last_summarization_stopped_at": null,
  "last_summarization_result_type": null,
  "schedule": null,
  "group_id": "wfl_grp_mBtbWoMSLzGnu7kcb3KD9pKO",
  "template_id": null,
  "next_execution_at": null,
  "archived_at": null,
  "muted_until": null,
  "is_muted": false,
  "created_at": "2026-05-26T06:38:59.946675+00:00",
  "updated_at": "2026-05-26T06:38:59.946675+00:00"
}

{
  "id": "wflw_XQ8V4UIRGMnMu0AvReWx9JFq",
  "name": "Coding Cold Cases - Hackathon - Maven generate-sources cannot resolve a dependency - Verification",
  "status": "pending_generation",
  "display_status": "never_run",
  "description": "You are Lark acting as an independent forensic verifier for Coding Cold Cases Cracker.\nRemote workspace: PUBLISH_URL_PENDING\nOriginal case: https://stackoverflow.com/questions/15276976/maven-generate-sources-cannot-resolve-a-dependency\nVerification command: cd repaired && mvn package\nClone or inspect the reachable workspace, run the verification command when possible, and confirm whether the original failure is fixed.\nReturn pass/fail evidence, exact logs, and any residual risk. The case may be Closed only if this verification passes.",
  "secret_contexts": null,
  "mode": "deterministic",
  "deterministic_details": null,
  "last_execution_id": null,
  "last_execution_started_at": null,
  "last_execution_stopped_at": null,
  "last_execution_result_type": null,
  "last_generation_id": null,
  "last_generation_started_at": null,
  "last_generation_stopped_at": null,
  "last_generation_result_type": null,
  "last_repair_id": null,
  "last_repair_started_at": null,
  "last_repair_stopped_at": null,
  "last_repair_result_type": null,
  "last_summarization_id": null,
  "last_summarization_started_at": null,
  "last_summarization_stopped_at": null,
  "last_summarization_result_type": null,
  "schedule": null,
  "group_id": "wfl_grp_mBtbWoMSLzGnu7kcb3KD9pKO",
  "template_id": null,
  "next_execution_at": null,
  "archived_at": null,
  "muted_until": null,
  "is_muted": false,
  "created_at": "2026-05-26T06:39:01.207670+00:00",
  "updated_at": "2026-05-26T06:39:01.207670+00:00"
}

